2020-06-12T14:26:17.885441-00:00 0 [Warning] TIMESTAMP with implicit DEFAULT value is deprecated. Please use --explicit_defaults_for_timestamp server option (see documentation for more details).
2020-06-12T14:26:19.286324-00:00 0 [Warning] InnoDB: New log files created, LSN=45790
2020-06-12T14:26:19.489781-00:00 0 [Warning] InnoDB: Creating foreign key constraint system tables.
2020-06-12T14:26:19.570221-00:00 0 [Warning] No existing UUID has been found, so we assume that this is the first time that this server has been started. Generating a new UUID: aed9f8af-acb8-11ea-9d68-0242ac120002.
2020-06-12T14:26:19.572921-00:00 0 [Warning] Gtid table is not ready to be used. Table 'mysql.gtid_executed' cannot be opened.
2020-06-12T14:26:20.661687-00:00 0 [Warning] CA certificate ca.pem is self signed.
2020-06-12T14:26:20.890052-00:00 1 [Warning] root@localhost is created with an empty password ! Please consider switching off the --initialize-insecure option.
2020-06-12T14:26:29.825287-00:00 0 [Warning] TIMESTAMP with implicit DEFAULT value is deprecated. Please use --explicit_defaults_for_timestamp server option (see documentation for more details).
2020-06-12T14:26:29.832031-00:00 0 [Note] mysqld (mysqld 5.7.30-log) starting as process 79 ...
2020-06-12T14:26:29.845248-00:00 0 [Note] InnoDB: PUNCH HOLE support available
2020-06-12T14:26:29.845637-00:00 0 [Note] InnoDB: Mutexes and rw_locks use GCC atomic builtins
2020-06-12T14:26:29.845922-00:00 0 [Note] InnoDB: Uses event mutexes
2020-06-12T14:26:29.846231-00:00 0 [Note] InnoDB: GCC builtin __atomic_thread_fence() is used for memory barrier
2020-06-12T14:26:29.846602-00:00 0 [Note] InnoDB: Compressed tables use zlib 1.2.11
2020-06-12T14:26:29.846909-00:00 0 [Note] InnoDB: Using Linux native AIO
2020-06-12T14:26:29.847507-00:00 0 [Note] InnoDB: Number of pools: 1
2020-06-12T14:26:29.847985-00:00 0 [Note] InnoDB: Using CPU crc32 instructions
2020-06-12T14:26:29.850118-00:00 0 [Note] InnoDB: Initializing buffer pool, total size = 128M, instances = 1, chunk size = 128M
2020-06-12T14:26:29.862869-00:00 0 [Note] InnoDB: Completed initialization of buffer pool
2020-06-12T14:26:29.866061-00:00 0 [Note] InnoDB: If the mysqld execution user is authorized, page cleaner thread priority can be changed. See the man page of setpriority().
2020-06-12T14:26:29.909773-00:00 0 [Note] InnoDB: Highest supported file format is Barracuda.
2020-06-12T14:26:30.023257-00:00 0 [Note] InnoDB: Creating shared tablespace for temporary tables
2020-06-12T14:26:30.024381-00:00 0 [Note] InnoDB: Setting file './ibtmp1' size to 12 MB. Physically writing the file full; Please wait ...
2020-06-12T14:26:30.108729-00:00 0 [Note] InnoDB: File './ibtmp1' size is now 12 MB.
2020-06-12T14:26:30.115537-00:00 0 [Note] InnoDB: 96 redo rollback segment(s) found. 96 redo rollback segment(s) are active.
2020-06-12T14:26:30.116048-00:00 0 [Note] InnoDB: 32 non-redo rollback segment(s) are active.
2020-06-12T14:26:30.116775-00:00 0 [Note] InnoDB: Waiting for purge to start
2020-06-12T14:26:30.169680-00:00 0 [Note] InnoDB: 5.7.30 started; log sequence number 2630842
2020-06-12T14:26:30.170799-00:00 0 [Note] Plugin 'FEDERATED' is disabled.
2020-06-12T14:26:30.173332-00:00 0 [Note] InnoDB: Loading buffer pool(s) from /var/lib/mysql/ib_buffer_pool
2020-06-12T14:26:30.226662-00:00 0 [Note] InnoDB: Buffer pool(s) load completed at 200612 14:26:30
2020-06-12T14:26:30.234800-00:00 0 [Note] Found ca.pem, server-cert.pem and server-key.pem in data directory. Trying to enable SSL support using them.
2020-06-12T14:26:30.235176-00:00 0 [Note] Skipping generation of SSL certificates as certificate files are present in data directory.
2020-06-12T14:26:30.243394-00:00 0 [Warning] CA certificate ca.pem is self signed.
2020-06-12T14:26:30.244906-00:00 0 [Note] Skipping generation of RSA key pair as key files are present in data directory.
2020-06-12T14:26:30.252778-00:00 0 [Warning] Insecure configuration for --pid-file: Location '/var/run/mysqld' in the path is accessible to all OS users. Consider choosing a different directory.
2020-06-12T14:26:30.669039-00:00 0 [Note] Event Scheduler: Loaded 0 events
2020-06-12T14:26:30.669695-00:00 0 [Note] mysqld: ready for connections.
Version: '5.7.30-log'  socket: '/var/run/mysqld/mysqld.sock'  port: 0  MySQL Community Server (GPL)
2020-06-12T14:26:42.097912-00:00 0 [Note] Giving 0 client threads a chance to die gracefully
2020-06-12T14:26:42.098610-00:00 0 [Note] Shutting down slave threads
2020-06-12T14:26:42.099003-00:00 0 [Note] Forcefully disconnecting 0 remaining clients
2020-06-12T14:26:42.099431-00:00 0 [Note] Event Scheduler: Purging the queue. 0 events
2020-06-12T14:26:42.100003-00:00 0 [Note] Binlog end
2020-06-12T14:26:42.110459-00:00 0 [Note] Shutting down plugin 'ngram'
2020-06-12T14:26:42.110851-00:00 0 [Note] Shutting down plugin 'partition'
2020-06-12T14:26:42.111189-00:00 0 [Note] Shutting down plugin 'BLACKHOLE'
2020-06-12T14:26:42.111514-00:00 0 [Note] Shutting down plugin 'ARCHIVE'
2020-06-12T14:26:42.111771-00:00 0 [Note] Shutting down plugin 'PERFORMANCE_SCHEMA'
2020-06-12T14:26:42.112263-00:00 0 [Note] Shutting down plugin 'MRG_MYISAM'
2020-06-12T14:26:42.112570-00:00 0 [Note] Shutting down plugin 'MyISAM'
2020-06-12T14:26:42.112828-00:00 0 [Note] Shutting down plugin 'INNODB_SYS_VIRTUAL'
2020-06-12T14:26:42.113066-00:00 0 [Note] Shutting down plugin 'INNODB_SYS_DATAFILES'
2020-06-12T14:26:42.113313-00:00 0 [Note] Shutting down plugin 'INNODB_SYS_TABLESPACES'
2020-06-12T14:26:42.113567-00:00 0 [Note] Shutting down plugin 'INNODB_SYS_FOREIGN_COLS'
2020-06-12T14:26:42.113806-00:00 0 [Note] Shutting down plugin 'INNODB_SYS_FOREIGN'
2020-06-12T14:26:42.114034-00:00 0 [Note] Shutting down plugin 'INNODB_SYS_FIELDS'
2020-06-12T14:26:42.114293-00:00 0 [Note] Shutting down plugin 'INNODB_SYS_COLUMNS'
2020-06-12T14:26:42.114572-00:00 0 [Note] Shutting down plugin 'INNODB_SYS_INDEXES'
2020-06-12T14:26:42.114868-00:00 0 [Note] Shutting down plugin 'INNODB_SYS_TABLESTATS'
2020-06-12T14:26:42.115324-00:00 0 [Note] Shutting down plugin 'INNODB_SYS_TABLES'
2020-06-12T14:26:42.115587-00:00 0 [Note] Shutting down plugin 'INNODB_FT_INDEX_TABLE'
2020-06-12T14:26:42.115913-00:00 0 [Note] Shutting down plugin 'INNODB_FT_INDEX_CACHE'
2020-06-12T14:26:42.116152-00:00 0 [Note] Shutting down plugin 'INNODB_FT_CONFIG'
2020-06-12T14:26:42.116445-00:00 0 [Note] Shutting down plugin 'INNODB_FT_BEING_DELETED'
2020-06-12T14:26:42.116772-00:00 0 [Note] Shutting down plugin 'INNODB_FT_DELETED'
2020-06-12T14:26:42.117030-00:00 0 [Note] Shutting down plugin 'INNODB_FT_DEFAULT_STOPWORD'
2020-06-12T14:26:42.117319-00:00 0 [Note] Shutting down plugin 'INNODB_METRICS'
2020-06-12T14:26:42.117680-00:00 0 [Note] Shutting down plugin 'INNODB_TEMP_TABLE_INFO'
2020-06-12T14:26:42.117926-00:00 0 [Note] Shutting down plugin 'INNODB_BUFFER_POOL_STATS'
2020-06-12T14:26:42.118199-00:00 0 [Note] Shutting down plugin 'INNODB_BUFFER_PAGE_LRU'
2020-06-12T14:26:42.118506-00:00 0 [Note] Shutting down plugin 'INNODB_BUFFER_PAGE'
2020-06-12T14:26:42.118735-00:00 0 [Note] Shutting down plugin 'INNODB_CMP_PER_INDEX_RESET'
2020-06-12T14:26:42.119016-00:00 0 [Note] Shutting down plugin 'INNODB_CMP_PER_INDEX'
2020-06-12T14:26:42.119283-00:00 0 [Note] Shutting down plugin 'INNODB_CMPMEM_RESET'
2020-06-12T14:26:42.119550-00:00 0 [Note] Shutting down plugin 'INNODB_CMPMEM'
2020-06-12T14:26:42.119841-00:00 0 [Note] Shutting down plugin 'INNODB_CMP_RESET'
2020-06-12T14:26:42.120184-00:00 0 [Note] Shutting down plugin 'INNODB_CMP'
2020-06-12T14:26:42.120437-00:00 0 [Note] Shutting down plugin 'INNODB_LOCK_WAITS'
2020-06-12T14:26:42.120755-00:00 0 [Note] Shutting down plugin 'INNODB_LOCKS'
2020-06-12T14:26:42.121017-00:00 0 [Note] Shutting down plugin 'INNODB_TRX'
2020-06-12T14:26:42.121397-00:00 0 [Note] Shutting down plugin 'InnoDB'
2020-06-12T14:26:42.121859-00:00 0 [Note] InnoDB: FTS optimize thread exiting.
2020-06-12T14:26:42.122617-00:00 0 [Note] InnoDB: Starting shutdown...
2020-06-12T14:26:42.227727-00:00 0 [Note] InnoDB: Dumping buffer pool(s) to /var/lib/mysql/ib_buffer_pool
2020-06-12T14:26:42.232955-00:00 0 [Note] InnoDB: Buffer pool(s) dump completed at 200612 14:26:42
2020-06-12T14:26:43.996976-00:00 0 [Note] InnoDB: Shutdown completed; log sequence number 12489319
2020-06-12T14:26:43.998481-00:00 0 [Note] InnoDB: Removed temporary tablespace data file: "ibtmp1"
2020-06-12T14:26:43.998795-00:00 0 [Note] Shutting down plugin 'MEMORY'
2020-06-12T14:26:43.999037-00:00 0 [Note] Shutting down plugin 'CSV'
2020-06-12T14:26:43.999327-00:00 0 [Note] Shutting down plugin 'sha256_password'
2020-06-12T14:26:43.999567-00:00 0 [Note] Shutting down plugin 'mysql_native_password'
2020-06-12T14:26:43.999921-00:00 0 [Note] Shutting down plugin 'binlog'
2020-06-12T14:26:44.005698-00:00 0 [Note] mysqld: Shutdown complete

2020-06-12T14:26:44.305973-00:00 0 [Warning] TIMESTAMP with implicit DEFAULT value is deprecated. Please use --explicit_defaults_for_timestamp server option (see documentation for more details).
2020-06-12T14:26:44.311027-00:00 0 [Note] mysqld (mysqld 5.7.30-log) starting as process 1 ...
2020-06-12T14:26:44.322495-00:00 0 [Note] InnoDB: PUNCH HOLE support available
2020-06-12T14:26:44.322799-00:00 0 [Note] InnoDB: Mutexes and rw_locks use GCC atomic builtins
2020-06-12T14:26:44.323036-00:00 0 [Note] InnoDB: Uses event mutexes
2020-06-12T14:26:44.323281-00:00 0 [Note] InnoDB: GCC builtin __atomic_thread_fence() is used for memory barrier
2020-06-12T14:26:44.323502-00:00 0 [Note] InnoDB: Compressed tables use zlib 1.2.11
2020-06-12T14:26:44.323790-00:00 0 [Note] InnoDB: Using Linux native AIO
2020-06-12T14:26:44.324426-00:00 0 [Note] InnoDB: Number of pools: 1
2020-06-12T14:26:44.324777-00:00 0 [Note] InnoDB: Using CPU crc32 instructions
2020-06-12T14:26:44.326613-00:00 0 [Note] InnoDB: Initializing buffer pool, total size = 128M, instances = 1, chunk size = 128M
2020-06-12T14:26:44.338675-00:00 0 [Note] InnoDB: Completed initialization of buffer pool
2020-06-12T14:26:44.341716-00:00 0 [Note] InnoDB: If the mysqld execution user is authorized, page cleaner thread priority can be changed. See the man page of setpriority().
2020-06-12T14:26:44.397213-00:00 0 [Note] InnoDB: Highest supported file format is Barracuda.
2020-06-12T14:26:44.485441-00:00 0 [Note] InnoDB: Creating shared tablespace for temporary tables
2020-06-12T14:26:44.486185-00:00 0 [Note] InnoDB: Setting file './ibtmp1' size to 12 MB. Physically writing the file full; Please wait ...
2020-06-12T14:26:44.554097-00:00 0 [Note] InnoDB: File './ibtmp1' size is now 12 MB.
2020-06-12T14:26:44.560577-00:00 0 [Note] InnoDB: 96 redo rollback segment(s) found. 96 redo rollback segment(s) are active.
2020-06-12T14:26:44.561036-00:00 0 [Note] InnoDB: 32 non-redo rollback segment(s) are active.
2020-06-12T14:26:44.561660-00:00 0 [Note] InnoDB: Waiting for purge to start
2020-06-12T14:26:44.615817-00:00 0 [Note] InnoDB: 5.7.30 started; log sequence number 12489319
2020-06-12T14:26:44.617024-00:00 0 [Note] Plugin 'FEDERATED' is disabled.
2020-06-12T14:26:44.619042-00:00 0 [Note] InnoDB: Loading buffer pool(s) from /var/lib/mysql/ib_buffer_pool
2020-06-12T14:26:44.674246-00:00 0 [Note] InnoDB: Buffer pool(s) load completed at 200612 14:26:44
2020-06-12T14:26:44.688870-00:00 0 [Note] Found ca.pem, server-cert.pem and server-key.pem in data directory. Trying to enable SSL support using them.
2020-06-12T14:26:44.689284-00:00 0 [Note] Skipping generation of SSL certificates as certificate files are present in data directory.
2020-06-12T14:26:44.699094-00:00 0 [Warning] CA certificate ca.pem is self signed.
2020-06-12T14:26:44.701020-00:00 0 [Note] Skipping generation of RSA key pair as key files are present in data directory.
2020-06-12T14:26:44.707435-00:00 0 [Note] Server hostname (bind-address): '*'; port: 3306
2020-06-12T14:26:44.707886-00:00 0 [Note] IPv6 is available.
2020-06-12T14:26:44.708870-00:00 0 [Note]   - '::' resolves to '::';
2020-06-12T14:26:44.709271-00:00 0 [Note] Server socket created on IP: '::'.
2020-06-12T14:26:44.711017-00:00 0 [Warning] Insecure configuration for --pid-file: Location '/var/run/mysqld' in the path is accessible to all OS users. Consider choosing a different directory.
2020-06-12T14:26:45.053340-00:00 0 [Note] Event Scheduler: Loaded 0 events
2020-06-12T14:26:45.054076-00:00 0 [Note] mysqld: ready for connections.
Version: '5.7.30-log'  socket: '/var/run/mysqld/mysqld.sock'  port: 3306  MySQL Community Server (GPL)
2020-06-12T16:15:36.709847-00:00 0 [Note] Giving 2 client threads a chance to die gracefully
2020-06-12T16:15:36.711486-00:00 0 [Note] Shutting down slave threads
2020-06-12T16:15:38.715734-00:00 0 [Note] Forcefully disconnecting 2 remaining clients
2020-06-12T16:15:38.717253-00:00 0 [Warning] mysqld: Forcing close of thread 7  user: 'phper'

2020-06-12T16:15:38.718135-00:00 0 [Warning] mysqld: Forcing close of thread 6  user: 'phper'

2020-06-12T16:15:38.720081-00:00 0 [Note] Event Scheduler: Purging the queue. 0 events
2020-06-12T16:15:38.721351-00:00 0 [Note] Binlog end
2020-06-12T16:15:38.735743-00:00 0 [Note] Shutting down plugin 'ngram'
2020-06-12T16:15:38.736324-00:00 0 [Note] Shutting down plugin 'partition'
2020-06-12T16:15:38.736700-00:00 0 [Note] Shutting down plugin 'BLACKHOLE'
2020-06-12T16:15:38.737164-00:00 0 [Note] Shutting down plugin 'ARCHIVE'
2020-06-12T16:15:38.737509-00:00 0 [Note] Shutting down plugin 'PERFORMANCE_SCHEMA'
2020-06-12T16:15:38.738007-00:00 0 [Note] Shutting down plugin 'MRG_MYISAM'
2020-06-12T16:15:38.738398-00:00 0 [Note] Shutting down plugin 'MyISAM'
2020-06-12T16:15:38.738779-00:00 0 [Note] Shutting down plugin 'INNODB_SYS_VIRTUAL'
2020-06-12T16:15:38.739135-00:00 0 [Note] Shutting down plugin 'INNODB_SYS_DATAFILES'
2020-06-12T16:15:38.739538-00:00 0 [Note] Shutting down plugin 'INNODB_SYS_TABLESPACES'
2020-06-12T16:15:38.739946-00:00 0 [Note] Shutting down plugin 'INNODB_SYS_FOREIGN_COLS'
2020-06-12T16:15:38.740260-00:00 0 [Note] Shutting down plugin 'INNODB_SYS_FOREIGN'
2020-06-12T16:15:38.740639-00:00 0 [Note] Shutting down plugin 'INNODB_SYS_FIELDS'
2020-06-12T16:15:38.741029-00:00 0 [Note] Shutting down plugin 'INNODB_SYS_COLUMNS'
2020-06-12T16:15:38.741321-00:00 0 [Note] Shutting down plugin 'INNODB_SYS_INDEXES'
2020-06-12T16:15:38.741673-00:00 0 [Note] Shutting down plugin 'INNODB_SYS_TABLESTATS'
2020-06-12T16:15:38.741974-00:00 0 [Note] Shutting down plugin 'INNODB_SYS_TABLES'
2020-06-12T16:15:38.742376-00:00 0 [Note] Shutting down plugin 'INNODB_FT_INDEX_TABLE'
2020-06-12T16:15:38.742698-00:00 0 [Note] Shutting down plugin 'INNODB_FT_INDEX_CACHE'
2020-06-12T16:15:38.743072-00:00 0 [Note] Shutting down plugin 'INNODB_FT_CONFIG'
2020-06-12T16:15:38.743427-00:00 0 [Note] Shutting down plugin 'INNODB_FT_BEING_DELETED'
2020-06-12T16:15:38.743796-00:00 0 [Note] Shutting down plugin 'INNODB_FT_DELETED'
2020-06-12T16:15:38.744296-00:00 0 [Note] Shutting down plugin 'INNODB_FT_DEFAULT_STOPWORD'
2020-06-12T16:15:38.744742-00:00 0 [Note] Shutting down plugin 'INNODB_METRICS'
2020-06-12T16:15:38.745163-00:00 0 [Note] Shutting down plugin 'INNODB_TEMP_TABLE_INFO'
2020-06-12T16:15:38.745635-00:00 0 [Note] Shutting down plugin 'INNODB_BUFFER_POOL_STATS'
2020-06-12T16:15:38.746168-00:00 0 [Note] Shutting down plugin 'INNODB_BUFFER_PAGE_LRU'
2020-06-12T16:15:38.746539-00:00 0 [Note] Shutting down plugin 'INNODB_BUFFER_PAGE'
2020-06-12T16:15:38.746936-00:00 0 [Note] Shutting down plugin 'INNODB_CMP_PER_INDEX_RESET'
2020-06-12T16:15:38.747386-00:00 0 [Note] Shutting down plugin 'INNODB_CMP_PER_INDEX'
2020-06-12T16:15:38.747836-00:00 0 [Note] Shutting down plugin 'INNODB_CMPMEM_RESET'
2020-06-12T16:15:38.748225-00:00 0 [Note] Shutting down plugin 'INNODB_CMPMEM'
2020-06-12T16:15:38.748590-00:00 0 [Note] Shutting down plugin 'INNODB_CMP_RESET'
2020-06-12T16:15:38.751357-00:00 0 [Note] Shutting down plugin 'INNODB_CMP'
2020-06-12T16:15:38.751762-00:00 0 [Note] Shutting down plugin 'INNODB_LOCK_WAITS'
2020-06-12T16:15:38.752080-00:00 0 [Note] Shutting down plugin 'INNODB_LOCKS'
2020-06-12T16:15:38.752495-00:00 0 [Note] Shutting down plugin 'INNODB_TRX'
2020-06-12T16:15:38.752833-00:00 0 [Note] Shutting down plugin 'InnoDB'
2020-06-12T16:15:38.755834-00:00 0 [Note] InnoDB: FTS optimize thread exiting.
2020-06-12T16:15:38.756535-00:00 0 [Note] InnoDB: Starting shutdown...
2020-06-12T16:15:38.862832-00:00 0 [Note] InnoDB: Dumping buffer pool(s) to /var/lib/mysql/ib_buffer_pool
2020-06-12T16:15:38.868299-00:00 0 [Note] InnoDB: Buffer pool(s) dump completed at 200612 16:15:38
2020-06-12T16:15:40.568572-00:00 0 [Note] InnoDB: Shutdown completed; log sequence number 12513252
2020-06-12T16:15:40.571404-00:00 0 [Note] InnoDB: Removed temporary tablespace data file: "ibtmp1"
2020-06-12T16:15:40.571909-00:00 0 [Note] Shutting down plugin 'MEMORY'
2020-06-12T16:15:40.572292-00:00 0 [Note] Shutting down plugin 'CSV'
2020-06-12T16:15:40.574917-00:00 0 [Note] Shutting down plugin 'sha256_password'
2020-06-12T16:15:40.575381-00:00 0 [Note] Shutting down plugin 'mysql_native_password'
2020-06-12T16:15:40.576092-00:00 0 [Note] Shutting down plugin 'binlog'
2020-06-12T16:15:40.605190-00:00 0 [Note] mysqld: Shutdown complete

2020-06-12T16:15:46.675095-00:00 0 [Warning] TIMESTAMP with implicit DEFAULT value is deprecated. Please use --explicit_defaults_for_timestamp server option (see documentation for more details).
2020-06-12T16:15:46.685813-00:00 0 [Note] mysqld (mysqld 5.7.30-log) starting as process 1 ...
2020-06-12T16:15:46.703694-00:00 0 [Note] InnoDB: PUNCH HOLE support available
2020-06-12T16:15:46.704150-00:00 0 [Note] InnoDB: Mutexes and rw_locks use GCC atomic builtins
2020-06-12T16:15:46.704507-00:00 0 [Note] InnoDB: Uses event mutexes
2020-06-12T16:15:46.704880-00:00 0 [Note] InnoDB: GCC builtin __atomic_thread_fence() is used for memory barrier
2020-06-12T16:15:46.705372-00:00 0 [Note] InnoDB: Compressed tables use zlib 1.2.11
2020-06-12T16:15:46.705733-00:00 0 [Note] InnoDB: Using Linux native AIO
2020-06-12T16:15:46.707339-00:00 0 [Note] InnoDB: Number of pools: 1
2020-06-12T16:15:46.708067-00:00 0 [Note] InnoDB: Using CPU crc32 instructions
2020-06-12T16:15:46.711768-00:00 0 [Note] InnoDB: Initializing buffer pool, total size = 128M, instances = 1, chunk size = 128M
2020-06-12T16:15:46.736353-00:00 0 [Note] InnoDB: Completed initialization of buffer pool
2020-06-12T16:15:46.743072-00:00 0 [Note] InnoDB: If the mysqld execution user is authorized, page cleaner thread priority can be changed. See the man page of setpriority().
2020-06-12T16:15:46.787788-00:00 0 [Note] InnoDB: Highest supported file format is Barracuda.
2020-06-12T16:15:46.914264-00:00 0 [Note] InnoDB: Creating shared tablespace for temporary tables
2020-06-12T16:15:46.915326-00:00 0 [Note] InnoDB: Setting file './ibtmp1' size to 12 MB. Physically writing the file full; Please wait ...
2020-06-12T16:15:47.020680-00:00 0 [Note] InnoDB: File './ibtmp1' size is now 12 MB.
2020-06-12T16:15:47.027788-00:00 0 [Note] InnoDB: 96 redo rollback segment(s) found. 96 redo rollback segment(s) are active.
2020-06-12T16:15:47.028328-00:00 0 [Note] InnoDB: 32 non-redo rollback segment(s) are active.
2020-06-12T16:15:47.029278-00:00 0 [Note] InnoDB: Waiting for purge to start
2020-06-12T16:15:47.081111-00:00 0 [Note] InnoDB: 5.7.30 started; log sequence number 12513252
2020-06-12T16:15:47.082492-00:00 0 [Note] Plugin 'FEDERATED' is disabled.
2020-06-12T16:15:47.084067-00:00 0 [Note] InnoDB: Loading buffer pool(s) from /var/lib/mysql/ib_buffer_pool
2020-06-12T16:15:47.181639-00:00 0 [Note] Found ca.pem, server-cert.pem and server-key.pem in data directory. Trying to enable SSL support using them.
2020-06-12T16:15:47.182414-00:00 0 [Note] Skipping generation of SSL certificates as certificate files are present in data directory.
2020-06-12T16:15:47.196436-00:00 0 [Note] InnoDB: Buffer pool(s) load completed at 200612 16:15:47
2020-06-12T16:15:47.202105-00:00 0 [Warning] CA certificate ca.pem is self signed.
2020-06-12T16:15:47.204152-00:00 0 [Note] Skipping generation of RSA key pair as key files are present in data directory.
2020-06-12T16:15:47.212568-00:00 0 [Note] Server hostname (bind-address): '*'; port: 3306
2020-06-12T16:15:47.213305-00:00 0 [Note] IPv6 is available.
2020-06-12T16:15:47.213762-00:00 0 [Note]   - '::' resolves to '::';
2020-06-12T16:15:47.214219-00:00 0 [Note] Server socket created on IP: '::'.
2020-06-12T16:15:47.217033-00:00 0 [Warning] Insecure configuration for --pid-file: Location '/var/run/mysqld' in the path is accessible to all OS users. Consider choosing a different directory.
2020-06-12T16:15:47.657141-00:00 0 [Note] Event Scheduler: Loaded 0 events
2020-06-12T16:15:47.658123-00:00 0 [Note] mysqld: ready for connections.
Version: '5.7.30-log'  socket: '/var/run/mysqld/mysqld.sock'  port: 3306  MySQL Community Server (GPL)
2020-06-12T17:45:42.882288-00:00 7 [Note] Aborted connection 7 to db: 'laravel_local' user: 'phper' host: '172.18.0.1' (Got an error reading communication packets)
2020-06-12T20:23:34.891188-00:00 0 [Note] Giving 0 client threads a chance to die gracefully
2020-06-12T20:23:34.893020-00:00 0 [Note] Shutting down slave threads
2020-06-12T20:23:34.897483-00:00 0 [Note] Forcefully disconnecting 0 remaining clients
2020-06-12T20:23:34.905701-00:00 0 [Note] Event Scheduler: Purging the queue. 0 events
2020-06-12T20:23:34.907708-00:00 0 [Note] Binlog end
2020-06-12T20:23:34.955964-00:00 0 [Note] Shutting down plugin 'ngram'
2020-06-12T20:23:34.959670-00:00 0 [Note] Shutting down plugin 'partition'
2020-06-12T20:23:34.960880-00:00 0 [Note] Shutting down plugin 'BLACKHOLE'
2020-06-12T20:23:34.961679-00:00 0 [Note] Shutting down plugin 'ARCHIVE'
2020-06-12T20:23:34.962174-00:00 0 [Note] Shutting down plugin 'PERFORMANCE_SCHEMA'
2020-06-12T20:23:34.962847-00:00 0 [Note] Shutting down plugin 'MRG_MYISAM'
2020-06-12T20:23:34.963328-00:00 0 [Note] Shutting down plugin 'MyISAM'
2020-06-12T20:23:34.964394-00:00 0 [Note] Shutting down plugin 'INNODB_SYS_VIRTUAL'
2020-06-12T20:23:34.964739-00:00 0 [Note] Shutting down plugin 'INNODB_SYS_DATAFILES'
2020-06-12T20:23:34.965182-00:00 0 [Note] Shutting down plugin 'INNODB_SYS_TABLESPACES'
2020-06-12T20:23:34.965651-00:00 0 [Note] Shutting down plugin 'INNODB_SYS_FOREIGN_COLS'
2020-06-12T20:23:34.966002-00:00 0 [Note] Shutting down plugin 'INNODB_SYS_FOREIGN'
2020-06-12T20:23:34.966344-00:00 0 [Note] Shutting down plugin 'INNODB_SYS_FIELDS'
2020-06-12T20:23:34.966741-00:00 0 [Note] Shutting down plugin 'INNODB_SYS_COLUMNS'
2020-06-12T20:23:34.967164-00:00 0 [Note] Shutting down plugin 'INNODB_SYS_INDEXES'
2020-06-12T20:23:34.967673-00:00 0 [Note] Shutting down plugin 'INNODB_SYS_TABLESTATS'
2020-06-12T20:23:34.968081-00:00 0 [Note] Shutting down plugin 'INNODB_SYS_TABLES'
2020-06-12T20:23:34.968609-00:00 0 [Note] Shutting down plugin 'INNODB_FT_INDEX_TABLE'
2020-06-12T20:23:34.969044-00:00 0 [Note] Shutting down plugin 'INNODB_FT_INDEX_CACHE'
2020-06-12T20:23:34.969607-00:00 0 [Note] Shutting down plugin 'INNODB_FT_CONFIG'
2020-06-12T20:23:34.970705-00:00 0 [Note] Shutting down plugin 'INNODB_FT_BEING_DELETED'
2020-06-12T20:23:34.971790-00:00 0 [Note] Shutting down plugin 'INNODB_FT_DELETED'
2020-06-12T20:23:34.973128-00:00 0 [Note] Shutting down plugin 'INNODB_FT_DEFAULT_STOPWORD'
2020-06-12T20:23:34.974461-00:00 0 [Note] Shutting down plugin 'INNODB_METRICS'
2020-06-12T20:23:34.975373-00:00 0 [Note] Shutting down plugin 'INNODB_TEMP_TABLE_INFO'
2020-06-12T20:23:34.976339-00:00 0 [Note] Shutting down plugin 'INNODB_BUFFER_POOL_STATS'
2020-06-12T20:23:34.977067-00:00 0 [Note] Shutting down plugin 'INNODB_BUFFER_PAGE_LRU'
2020-06-12T20:23:34.978021-00:00 0 [Note] Shutting down plugin 'INNODB_BUFFER_PAGE'
2020-06-12T20:23:34.978692-00:00 0 [Note] Shutting down plugin 'INNODB_CMP_PER_INDEX_RESET'
2020-06-12T20:23:34.979259-00:00 0 [Note] Shutting down plugin 'INNODB_CMP_PER_INDEX'
2020-06-12T20:23:34.980255-00:00 0 [Note] Shutting down plugin 'INNODB_CMPMEM_RESET'
2020-06-12T20:23:34.986072-00:00 0 [Note] Shutting down plugin 'INNODB_CMPMEM'
2020-06-12T20:23:34.993069-00:00 0 [Note] Shutting down plugin 'INNODB_CMP_RESET'
2020-06-12T20:23:34.993759-00:00 0 [Note] Shutting down plugin 'INNODB_CMP'
2020-06-12T20:23:34.994883-00:00 0 [Note] Shutting down plugin 'INNODB_LOCK_WAITS'
2020-06-12T20:23:34.995308-00:00 0 [Note] Shutting down plugin 'INNODB_LOCKS'
2020-06-12T20:23:34.995748-00:00 0 [Note] Shutting down plugin 'INNODB_TRX'
2020-06-12T20:23:34.996167-00:00 0 [Note] Shutting down plugin 'InnoDB'
2020-06-12T20:23:34.996965-00:00 0 [Note] InnoDB: FTS optimize thread exiting.
2020-06-12T20:23:34.998138-00:00 0 [Note] InnoDB: Starting shutdown...
2020-06-12T20:23:35.101895-00:00 0 [Note] InnoDB: Dumping buffer pool(s) to /var/lib/mysql/ib_buffer_pool
2020-06-12T20:23:35.124943-00:00 0 [Note] InnoDB: Buffer pool(s) dump completed at 200612 20:23:35
2020-06-12T20:23:36.285293-00:00 0 [Note] InnoDB: Shutdown completed; log sequence number 12534501
2020-06-12T20:23:36.288345-00:00 0 [Note] InnoDB: Removed temporary tablespace data file: "ibtmp1"
2020-06-12T20:23:36.288866-00:00 0 [Note] Shutting down plugin 'MEMORY'
2020-06-12T20:23:36.289339-00:00 0 [Note] Shutting down plugin 'CSV'
2020-06-12T20:23:36.289702-00:00 0 [Note] Shutting down plugin 'sha256_password'
2020-06-12T20:23:36.290169-00:00 0 [Note] Shutting down plugin 'mysql_native_password'
2020-06-12T20:23:36.291133-00:00 0 [Note] Shutting down plugin 'binlog'
2020-06-12T20:23:36.319133-00:00 0 [Note] mysqld: Shutdown complete

2020-06-12T20:23:42.644115-00:00 0 [Warning] TIMESTAMP with implicit DEFAULT value is deprecated. Please use --explicit_defaults_for_timestamp server option (see documentation for more details).
2020-06-12T20:23:42.652414-00:00 0 [Note] mysqld (mysqld 5.7.30-log) starting as process 1 ...
2020-06-12T20:23:42.662879-00:00 0 [Warning] Setting lower_case_table_names=2 because file system for /var/lib/mysql/ is case insensitive
2020-06-12T20:23:42.670245-00:00 0 [Note] InnoDB: PUNCH HOLE support available
2020-06-12T20:23:42.671173-00:00 0 [Note] InnoDB: Mutexes and rw_locks use GCC atomic builtins
2020-06-12T20:23:42.671635-00:00 0 [Note] InnoDB: Uses event mutexes
2020-06-12T20:23:42.672193-00:00 0 [Note] InnoDB: GCC builtin __atomic_thread_fence() is used for memory barrier
2020-06-12T20:23:42.672828-00:00 0 [Note] InnoDB: Compressed tables use zlib 1.2.11
2020-06-12T20:23:42.673697-00:00 0 [Note] InnoDB: Using Linux native AIO
2020-06-12T20:23:42.676845-00:00 0 [Note] InnoDB: Number of pools: 1
2020-06-12T20:23:42.677988-00:00 0 [Note] InnoDB: Using CPU crc32 instructions
2020-06-12T20:23:42.680812-00:00 0 [Note] InnoDB: Initializing buffer pool, total size = 128M, instances = 1, chunk size = 128M
2020-06-12T20:23:42.697721-00:00 0 [Note] InnoDB: Completed initialization of buffer pool
2020-06-12T20:23:42.701833-00:00 0 [Note] InnoDB: If the mysqld execution user is authorized, page cleaner thread priority can be changed. See the man page of setpriority().
2020-06-12T20:23:42.761752-00:00 0 [Note] InnoDB: Highest supported file format is Barracuda.
2020-06-12T20:23:43.007878-00:00 0 [Note] InnoDB: Creating shared tablespace for temporary tables
2020-06-12T20:23:43.009390-00:00 0 [Note] InnoDB: Setting file './ibtmp1' size to 12 MB. Physically writing the file full; Please wait ...
2020-06-12T20:23:43.137966-00:00 0 [Note] InnoDB: File './ibtmp1' size is now 12 MB.
2020-06-12T20:23:43.146005-00:00 0 [Note] InnoDB: 96 redo rollback segment(s) found. 96 redo rollback segment(s) are active.
2020-06-12T20:23:43.146697-00:00 0 [Note] InnoDB: 32 non-redo rollback segment(s) are active.
2020-06-12T20:23:43.148666-00:00 0 [Note] InnoDB: 5.7.30 started; log sequence number 12534501
2020-06-12T20:23:43.149897-00:00 0 [Note] Plugin 'FEDERATED' is disabled.
2020-06-12T20:23:43.152359-00:00 0 [Note] InnoDB: Loading buffer pool(s) from /var/lib/mysql/ib_buffer_pool
2020-06-12T20:23:43.274391-00:00 0 [Note] Found ca.pem, server-cert.pem and server-key.pem in data directory. Trying to enable SSL support using them.
2020-06-12T20:23:43.275191-00:00 0 [Note] Skipping generation of SSL certificates as certificate files are present in data directory.
2020-06-12T20:23:43.294143-00:00 0 [Note] InnoDB: Buffer pool(s) load completed at 200612 20:23:43
2020-06-12T20:23:43.301005-00:00 0 [Warning] CA certificate ca.pem is self signed.
2020-06-12T20:23:43.303472-00:00 0 [Note] Skipping generation of RSA key pair as key files are present in data directory.
2020-06-12T20:23:43.315225-00:00 0 [Note] Server hostname (bind-address): '*'; port: 3306
2020-06-12T20:23:43.316267-00:00 0 [Note] IPv6 is available.
2020-06-12T20:23:43.316828-00:00 0 [Note]   - '::' resolves to '::';
2020-06-12T20:23:43.317345-00:00 0 [Note] Server socket created on IP: '::'.
2020-06-12T20:23:43.320828-00:00 0 [Warning] Insecure configuration for --pid-file: Location '/var/run/mysqld' in the path is accessible to all OS users. Consider choosing a different directory.
2020-06-12T20:23:44.059275-00:00 0 [Note] Event Scheduler: Loaded 0 events
2020-06-12T20:23:44.060354-00:00 0 [Note] mysqld: ready for connections.
Version: '5.7.30-log'  socket: '/var/run/mysqld/mysqld.sock'  port: 3306  MySQL Community Server (GPL)
2020-06-12T20:24:26.784785-00:00 0 [Note] Giving 0 client threads a chance to die gracefully
2020-06-12T20:24:26.786291-00:00 0 [Note] Shutting down slave threads
2020-06-12T20:24:26.786714-00:00 0 [Note] Forcefully disconnecting 0 remaining clients
2020-06-12T20:24:26.787106-00:00 0 [Note] Event Scheduler: Purging the queue. 0 events
2020-06-12T20:24:26.787749-00:00 0 [Note] Binlog end
2020-06-12T20:24:26.799538-00:00 0 [Note] Shutting down plugin 'ngram'
2020-06-12T20:24:26.800162-00:00 0 [Note] Shutting down plugin 'partition'
2020-06-12T20:24:26.800654-00:00 0 [Note] Shutting down plugin 'BLACKHOLE'
2020-06-12T20:24:26.801117-00:00 0 [Note] Shutting down plugin 'ARCHIVE'
2020-06-12T20:24:26.801629-00:00 0 [Note] Shutting down plugin 'PERFORMANCE_SCHEMA'
2020-06-12T20:24:26.802172-00:00 0 [Note] Shutting down plugin 'MRG_MYISAM'
2020-06-12T20:24:26.802608-00:00 0 [Note] Shutting down plugin 'MyISAM'
2020-06-12T20:24:26.802997-00:00 0 [Note] Shutting down plugin 'INNODB_SYS_VIRTUAL'
2020-06-12T20:24:26.803502-00:00 0 [Note] Shutting down plugin 'INNODB_SYS_DATAFILES'
2020-06-12T20:24:26.804272-00:00 0 [Note] Shutting down plugin 'INNODB_SYS_TABLESPACES'
2020-06-12T20:24:26.805504-00:00 0 [Note] Shutting down plugin 'INNODB_SYS_FOREIGN_COLS'
2020-06-12T20:24:26.806744-00:00 0 [Note] Shutting down plugin 'INNODB_SYS_FOREIGN'
2020-06-12T20:24:26.807109-00:00 0 [Note] Shutting down plugin 'INNODB_SYS_FIELDS'
2020-06-12T20:24:26.807633-00:00 0 [Note] Shutting down plugin 'INNODB_SYS_COLUMNS'
2020-06-12T20:24:26.808004-00:00 0 [Note] Shutting down plugin 'INNODB_SYS_INDEXES'
2020-06-12T20:24:26.808361-00:00 0 [Note] Shutting down plugin 'INNODB_SYS_TABLESTATS'
2020-06-12T20:24:26.808776-00:00 0 [Note] Shutting down plugin 'INNODB_SYS_TABLES'
2020-06-12T20:24:26.809207-00:00 0 [Note] Shutting down plugin 'INNODB_FT_INDEX_TABLE'
2020-06-12T20:24:26.809847-00:00 0 [Note] Shutting down plugin 'INNODB_FT_INDEX_CACHE'
2020-06-12T20:24:26.810341-00:00 0 [Note] Shutting down plugin 'INNODB_FT_CONFIG'
2020-06-12T20:24:26.810665-00:00 0 [Note] Shutting down plugin 'INNODB_FT_BEING_DELETED'
2020-06-12T20:24:26.811493-00:00 0 [Note] Shutting down plugin 'INNODB_FT_DELETED'
2020-06-12T20:24:26.812669-00:00 0 [Note] Shutting down plugin 'INNODB_FT_DEFAULT_STOPWORD'
2020-06-12T20:24:26.813464-00:00 0 [Note] Shutting down plugin 'INNODB_METRICS'
2020-06-12T20:24:26.813876-00:00 0 [Note] Shutting down plugin 'INNODB_TEMP_TABLE_INFO'
2020-06-12T20:24:26.814612-00:00 0 [Note] Shutting down plugin 'INNODB_BUFFER_POOL_STATS'
2020-06-12T20:24:26.815025-00:00 0 [Note] Shutting down plugin 'INNODB_BUFFER_PAGE_LRU'
2020-06-12T20:24:26.815964-00:00 0 [Note] Shutting down plugin 'INNODB_BUFFER_PAGE'
2020-06-12T20:24:26.816732-00:00 0 [Note] Shutting down plugin 'INNODB_CMP_PER_INDEX_RESET'
2020-06-12T20:24:26.818196-00:00 0 [Note] Shutting down plugin 'INNODB_CMP_PER_INDEX'
2020-06-12T20:24:26.821600-00:00 0 [Note] Shutting down plugin 'INNODB_CMPMEM_RESET'
2020-06-12T20:24:26.822234-00:00 0 [Note] Shutting down plugin 'INNODB_CMPMEM'
2020-06-12T20:24:26.822541-00:00 0 [Note] Shutting down plugin 'INNODB_CMP_RESET'
2020-06-12T20:24:26.822847-00:00 0 [Note] Shutting down plugin 'INNODB_CMP'
2020-06-12T20:24:26.823453-00:00 0 [Note] Shutting down plugin 'INNODB_LOCK_WAITS'
2020-06-12T20:24:26.823757-00:00 0 [Note] Shutting down plugin 'INNODB_LOCKS'
2020-06-12T20:24:26.824115-00:00 0 [Note] Shutting down plugin 'INNODB_TRX'
2020-06-12T20:24:26.824462-00:00 0 [Note] Shutting down plugin 'InnoDB'
2020-06-12T20:24:26.824830-00:00 0 [Note] InnoDB: FTS optimize thread exiting.
2020-06-12T20:24:26.830338-00:00 0 [Note] InnoDB: Starting shutdown...
2020-06-12T20:24:26.935532-00:00 0 [Note] InnoDB: Dumping buffer pool(s) to /var/lib/mysql/ib_buffer_pool
2020-06-12T20:24:26.945208-00:00 0 [Note] InnoDB: Buffer pool(s) dump completed at 200612 20:24:26
2020-06-12T20:24:28.576226-00:00 0 [Note] InnoDB: Shutdown completed; log sequence number 12534529
2020-06-12T20:24:28.578676-00:00 0 [Note] InnoDB: Removed temporary tablespace data file: "ibtmp1"
2020-06-12T20:24:28.579059-00:00 0 [Note] Shutting down plugin 'MEMORY'
2020-06-12T20:24:28.579383-00:00 0 [Note] Shutting down plugin 'CSV'
2020-06-12T20:24:28.579667-00:00 0 [Note] Shutting down plugin 'sha256_password'
2020-06-12T20:24:28.580032-00:00 0 [Note] Shutting down plugin 'mysql_native_password'
2020-06-12T20:24:28.580499-00:00 0 [Note] Shutting down plugin 'binlog'
2020-06-12T20:24:28.586607-00:00 0 [Note] mysqld: Shutdown complete

2020-06-13T17:24:20.847188-00:00 0 [Warning] TIMESTAMP with implicit DEFAULT value is deprecated. Please use --explicit_defaults_for_timestamp server option (see documentation for more details).
2020-06-13T17:24:20.876959-00:00 0 [Note] mysqld (mysqld 5.7.30-log) starting as process 1 ...
2020-06-13T17:24:20.883151-00:00 0 [Warning] Setting lower_case_table_names=2 because file system for /var/lib/mysql/ is case insensitive
2020-06-13T17:24:20.895766-00:00 0 [Note] InnoDB: PUNCH HOLE support available
2020-06-13T17:24:20.896248-00:00 0 [Note] InnoDB: Mutexes and rw_locks use GCC atomic builtins
2020-06-13T17:24:20.896655-00:00 0 [Note] InnoDB: Uses event mutexes
2020-06-13T17:24:20.897005-00:00 0 [Note] InnoDB: GCC builtin __atomic_thread_fence() is used for memory barrier
2020-06-13T17:24:20.897382-00:00 0 [Note] InnoDB: Compressed tables use zlib 1.2.11
2020-06-13T17:24:20.897895-00:00 0 [Note] InnoDB: Using Linux native AIO
2020-06-13T17:24:20.900193-00:00 0 [Note] InnoDB: Number of pools: 1
2020-06-13T17:24:20.901406-00:00 0 [Note] InnoDB: Using CPU crc32 instructions
2020-06-13T17:24:20.910168-00:00 0 [Note] InnoDB: Initializing buffer pool, total size = 128M, instances = 1, chunk size = 128M
2020-06-13T17:24:20.952147-00:00 0 [Note] InnoDB: Completed initialization of buffer pool
2020-06-13T17:24:20.964621-00:00 0 [Note] InnoDB: If the mysqld execution user is authorized, page cleaner thread priority can be changed. See the man page of setpriority().
2020-06-13T17:24:21.041315-00:00 0 [Note] InnoDB: Highest supported file format is Barracuda.
2020-06-13T17:24:21.213041-00:00 0 [Note] InnoDB: Creating shared tablespace for temporary tables
2020-06-13T17:24:21.214163-00:00 0 [Note] InnoDB: Setting file './ibtmp1' size to 12 MB. Physically writing the file full; Please wait ...
2020-06-13T17:24:21.337214-00:00 0 [Note] InnoDB: File './ibtmp1' size is now 12 MB.
2020-06-13T17:24:21.344130-00:00 0 [Note] InnoDB: 96 redo rollback segment(s) found. 96 redo rollback segment(s) are active.
2020-06-13T17:24:21.344585-00:00 0 [Note] InnoDB: 32 non-redo rollback segment(s) are active.
2020-06-13T17:24:21.345513-00:00 0 [Note] InnoDB: Waiting for purge to start
2020-06-13T17:24:21.400017-00:00 0 [Note] InnoDB: 5.7.30 started; log sequence number 12534529
2020-06-13T17:24:21.401338-00:00 0 [Note] Plugin 'FEDERATED' is disabled.
2020-06-13T17:24:21.403720-00:00 0 [Note] InnoDB: Loading buffer pool(s) from /var/lib/mysql/ib_buffer_pool
2020-06-13T17:24:21.480038-00:00 0 [Note] Found ca.pem, server-cert.pem and server-key.pem in data directory. Trying to enable SSL support using them.
2020-06-13T17:24:21.480636-00:00 0 [Note] Skipping generation of SSL certificates as certificate files are present in data directory.
2020-06-13T17:24:21.506227-00:00 0 [Warning] CA certificate ca.pem is self signed.
2020-06-13T17:24:21.508030-00:00 0 [Note] Skipping generation of RSA key pair as key files are present in data directory.
2020-06-13T17:24:21.517142-00:00 0 [Note] Server hostname (bind-address): '*'; port: 3306
2020-06-13T17:24:21.517926-00:00 0 [Note] IPv6 is available.
2020-06-13T17:24:21.518528-00:00 0 [Note]   - '::' resolves to '::';
2020-06-13T17:24:21.518886-00:00 0 [Note] Server socket created on IP: '::'.
2020-06-13T17:24:21.524585-00:00 0 [Warning] Insecure configuration for --pid-file: Location '/var/run/mysqld' in the path is accessible to all OS users. Consider choosing a different directory.
2020-06-13T17:24:21.562420-00:00 0 [Note] InnoDB: Buffer pool(s) load completed at 200613 17:24:21
2020-06-13T17:24:21.955473-00:00 0 [Note] Event Scheduler: Loaded 0 events
2020-06-13T17:24:21.956375-00:00 0 [Note] mysqld: ready for connections.
Version: '5.7.30-log'  socket: '/var/run/mysqld/mysqld.sock'  port: 3306  MySQL Community Server (GPL)
2020-06-13T17:41:08.848722-00:00 0 [Note] Giving 0 client threads a chance to die gracefully
2020-06-13T17:41:08.851386-00:00 0 [Note] Shutting down slave threads
2020-06-13T17:41:08.853432-00:00 0 [Note] Forcefully disconnecting 0 remaining clients
2020-06-13T17:41:08.854123-00:00 0 [Note] Event Scheduler: Purging the queue. 0 events
2020-06-13T17:41:08.855120-00:00 0 [Note] Binlog end
2020-06-13T17:41:08.867334-00:00 0 [Note] Shutting down plugin 'ngram'
2020-06-13T17:41:08.868160-00:00 0 [Note] Shutting down plugin 'partition'
2020-06-13T17:41:08.868884-00:00 0 [Note] Shutting down plugin 'BLACKHOLE'
2020-06-13T17:41:08.869513-00:00 0 [Note] Shutting down plugin 'ARCHIVE'
2020-06-13T17:41:08.870036-00:00 0 [Note] Shutting down plugin 'PERFORMANCE_SCHEMA'
2020-06-13T17:41:08.870610-00:00 0 [Note] Shutting down plugin 'MRG_MYISAM'
2020-06-13T17:41:08.871202-00:00 0 [Note] Shutting down plugin 'MyISAM'
2020-06-13T17:41:08.871834-00:00 0 [Note] Shutting down plugin 'INNODB_SYS_VIRTUAL'
2020-06-13T17:41:08.872334-00:00 0 [Note] Shutting down plugin 'INNODB_SYS_DATAFILES'
2020-06-13T17:41:08.872902-00:00 0 [Note] Shutting down plugin 'INNODB_SYS_TABLESPACES'
2020-06-13T17:41:08.873342-00:00 0 [Note] Shutting down plugin 'INNODB_SYS_FOREIGN_COLS'
2020-06-13T17:41:08.873825-00:00 0 [Note] Shutting down plugin 'INNODB_SYS_FOREIGN'
2020-06-13T17:41:08.874441-00:00 0 [Note] Shutting down plugin 'INNODB_SYS_FIELDS'
2020-06-13T17:41:08.875153-00:00 0 [Note] Shutting down plugin 'INNODB_SYS_COLUMNS'
2020-06-13T17:41:08.878236-00:00 0 [Note] Shutting down plugin 'INNODB_SYS_INDEXES'
2020-06-13T17:41:08.879303-00:00 0 [Note] Shutting down plugin 'INNODB_SYS_TABLESTATS'
2020-06-13T17:41:08.880573-00:00 0 [Note] Shutting down plugin 'INNODB_SYS_TABLES'
2020-06-13T17:41:08.881167-00:00 0 [Note] Shutting down plugin 'INNODB_FT_INDEX_TABLE'
2020-06-13T17:41:08.892058-00:00 0 [Note] Shutting down plugin 'INNODB_FT_INDEX_CACHE'
2020-06-13T17:41:08.899152-00:00 0 [Note] Shutting down plugin 'INNODB_FT_CONFIG'
2020-06-13T17:41:08.900265-00:00 0 [Note] Shutting down plugin 'INNODB_FT_BEING_DELETED'
2020-06-13T17:41:08.901055-00:00 0 [Note] Shutting down plugin 'INNODB_FT_DELETED'
2020-06-13T17:41:08.901487-00:00 0 [Note] Shutting down plugin 'INNODB_FT_DEFAULT_STOPWORD'
2020-06-13T17:41:08.907091-00:00 0 [Note] Shutting down plugin 'INNODB_METRICS'
2020-06-13T17:41:08.907892-00:00 0 [Note] Shutting down plugin 'INNODB_TEMP_TABLE_INFO'
2020-06-13T17:41:08.908358-00:00 0 [Note] Shutting down plugin 'INNODB_BUFFER_POOL_STATS'
2020-06-13T17:41:08.908883-00:00 0 [Note] Shutting down plugin 'INNODB_BUFFER_PAGE_LRU'
2020-06-13T17:41:08.909356-00:00 0 [Note] Shutting down plugin 'INNODB_BUFFER_PAGE'
2020-06-13T17:41:08.909943-00:00 0 [Note] Shutting down plugin 'INNODB_CMP_PER_INDEX_RESET'
2020-06-13T17:41:08.910411-00:00 0 [Note] Shutting down plugin 'INNODB_CMP_PER_INDEX'
2020-06-13T17:41:08.910990-00:00 0 [Note] Shutting down plugin 'INNODB_CMPMEM_RESET'
2020-06-13T17:41:08.914577-00:00 0 [Note] Shutting down plugin 'INNODB_CMPMEM'
2020-06-13T17:41:08.915198-00:00 0 [Note] Shutting down plugin 'INNODB_CMP_RESET'
2020-06-13T17:41:08.915695-00:00 0 [Note] Shutting down plugin 'INNODB_CMP'
2020-06-13T17:41:08.916313-00:00 0 [Note] Shutting down plugin 'INNODB_LOCK_WAITS'
2020-06-13T17:41:08.916926-00:00 0 [Note] Shutting down plugin 'INNODB_LOCKS'
2020-06-13T17:41:08.918557-00:00 0 [Note] Shutting down plugin 'INNODB_TRX'
2020-06-13T17:41:08.919189-00:00 0 [Note] Shutting down plugin 'InnoDB'
2020-06-13T17:41:08.920379-00:00 0 [Note] InnoDB: FTS optimize thread exiting.
2020-06-13T17:41:08.921374-00:00 0 [Note] InnoDB: Starting shutdown...
2020-06-13T17:41:09.025189-00:00 0 [Note] InnoDB: Dumping buffer pool(s) to /var/lib/mysql/ib_buffer_pool
2020-06-13T17:41:09.046305-00:00 0 [Note] InnoDB: Buffer pool(s) dump completed at 200613 17:41:09
2020-06-13T17:41:10.033476-00:00 0 [Note] InnoDB: Shutdown completed; log sequence number 12534557
2020-06-13T17:41:10.039768-00:00 0 [Note] InnoDB: Removed temporary tablespace data file: "ibtmp1"
2020-06-13T17:41:10.040660-00:00 0 [Note] Shutting down plugin 'MEMORY'
2020-06-13T17:41:10.041351-00:00 0 [Note] Shutting down plugin 'CSV'
2020-06-13T17:41:10.041889-00:00 0 [Note] Shutting down plugin 'sha256_password'
2020-06-13T17:41:10.042358-00:00 0 [Note] Shutting down plugin 'mysql_native_password'
2020-06-13T17:41:10.043276-00:00 0 [Note] Shutting down plugin 'binlog'
2020-06-13T17:41:10.050147-00:00 0 [Note] mysqld: Shutdown complete

2020-06-26T08:17:26.089061-00:00 0 [Warning] TIMESTAMP with implicit DEFAULT value is deprecated. Please use --explicit_defaults_for_timestamp server option (see documentation for more details).
2020-06-26T08:17:26.109381-00:00 0 [Note] mysqld (mysqld 5.7.30-log) starting as process 1 ...
2020-06-26T08:17:26.117144-00:00 0 [Warning] Setting lower_case_table_names=2 because file system for /var/lib/mysql/ is case insensitive
2020-06-26T08:17:26.133282-00:00 0 [Note] InnoDB: PUNCH HOLE support available
2020-06-26T08:17:26.133957-00:00 0 [Note] InnoDB: Mutexes and rw_locks use GCC atomic builtins
2020-06-26T08:17:26.134527-00:00 0 [Note] InnoDB: Uses event mutexes
2020-06-26T08:17:26.135031-00:00 0 [Note] InnoDB: GCC builtin __atomic_thread_fence() is used for memory barrier
2020-06-26T08:17:26.135477-00:00 0 [Note] InnoDB: Compressed tables use zlib 1.2.11
2020-06-26T08:17:26.136153-00:00 0 [Note] InnoDB: Using Linux native AIO
2020-06-26T08:17:26.138036-00:00 0 [Note] InnoDB: Number of pools: 1
2020-06-26T08:17:26.140127-00:00 0 [Note] InnoDB: Using CPU crc32 instructions
2020-06-26T08:17:26.151713-00:00 0 [Note] InnoDB: Initializing buffer pool, total size = 128M, instances = 1, chunk size = 128M
2020-06-26T08:17:26.195196-00:00 0 [Note] InnoDB: Completed initialization of buffer pool
2020-06-26T08:17:26.211660-00:00 0 [Note] InnoDB: If the mysqld execution user is authorized, page cleaner thread priority can be changed. See the man page of setpriority().
2020-06-26T08:17:26.333796-00:00 0 [Note] InnoDB: Highest supported file format is Barracuda.
2020-06-26T08:17:26.565128-00:00 0 [Note] InnoDB: Creating shared tablespace for temporary tables
2020-06-26T08:17:26.566576-00:00 0 [Note] InnoDB: Setting file './ibtmp1' size to 12 MB. Physically writing the file full; Please wait ...
2020-06-26T08:17:26.705835-00:00 0 [Note] InnoDB: File './ibtmp1' size is now 12 MB.
2020-06-26T08:17:26.713946-00:00 0 [Note] InnoDB: 96 redo rollback segment(s) found. 96 redo rollback segment(s) are active.
2020-06-26T08:17:26.714556-00:00 0 [Note] InnoDB: 32 non-redo rollback segment(s) are active.
2020-06-26T08:17:26.715859-00:00 0 [Note] InnoDB: Waiting for purge to start
2020-06-26T08:17:26.769088-00:00 0 [Note] InnoDB: 5.7.30 started; log sequence number 12534557
2020-06-26T08:17:26.772108-00:00 0 [Note] Plugin 'FEDERATED' is disabled.
2020-06-26T08:17:26.773374-00:00 0 [Note] InnoDB: Loading buffer pool(s) from /var/lib/mysql/ib_buffer_pool
2020-06-26T08:17:26.877968-00:00 0 [Note] Found ca.pem, server-cert.pem and server-key.pem in data directory. Trying to enable SSL support using them.
2020-06-26T08:17:26.878485-00:00 0 [Note] Skipping generation of SSL certificates as certificate files are present in data directory.
2020-06-26T08:17:26.946123-00:00 0 [Warning] CA certificate ca.pem is self signed.
2020-06-26T08:17:26.949442-00:00 0 [Note] Skipping generation of RSA key pair as key files are present in data directory.
2020-06-26T08:17:26.972038-00:00 0 [Note] Server hostname (bind-address): '*'; port: 3306
2020-06-26T08:17:26.974357-00:00 0 [Note] IPv6 is available.
2020-06-26T08:17:26.975143-00:00 0 [Note]   - '::' resolves to '::';
2020-06-26T08:17:26.980523-00:00 0 [Note] Server socket created on IP: '::'.
2020-06-26T08:17:26.985106-00:00 0 [Warning] Insecure configuration for --pid-file: Location '/var/run/mysqld' in the path is accessible to all OS users. Consider choosing a different directory.
2020-06-26T08:17:27.012718-00:00 0 [Note] InnoDB: Buffer pool(s) load completed at 200626  8:17:27
2020-06-26T08:17:27.637119-00:00 0 [Note] Event Scheduler: Loaded 0 events
2020-06-26T08:17:27.638184-00:00 0 [Note] mysqld: ready for connections.
Version: '5.7.30-log'  socket: '/var/run/mysqld/mysqld.sock'  port: 3306  MySQL Community Server (GPL)
