mysqld, Version: 5.7.30-log (MySQL Community Server (GPL)). started with:
Tcp port: 0  Unix socket: /var/run/mysqld/mysqld.sock
Time                 Id Command    Argument
mysqld, Version: 5.7.30-log (MySQL Community Server (GPL)). started with:
Tcp port: 0  Unix socket: /var/run/mysqld/mysqld.sock
Time                 Id Command    Argument
# Time: 2020-06-12T14:26:40.900327-00:00
# User@Host: root[root] @ localhost []  Id:     3
# Query_time: 4.540575  Lock_time: 0.000543 Rows_sent: 0  Rows_examined: 0
use mysql;
SET timestamp=1591972000;
INSERT INTO time_zone_transition (Time_zone_id, Transition_time, Transition_type_id) VALUES
 (@time_zone_id, -2147483648, 1)
,(@time_zone_id, -1641003640, 3)
,(@time_zone_id, -933645600, 2)
,(@time_zone_id, -857358000, 3)
,(@time_zone_id, -844300800, 2)
,(@time_zone_id, -825822000, 3)
,(@time_zone_id, -812685600, 2)
,(@time_zone_id, -794199600, 3)
,(@time_zone_id, -779853600, 2)
,(@time_zone_id, -762656400, 3)
,(@time_zone_id, -748310400, 2)
,(@time_zone_id, -731127600, 3)
,(@time_zone_id, -681962400, 4)
,(@time_zone_id, -673243200, 2)
,(@time_zone_id, -667962000, 3)
,(@time_zone_id, -652327200, 2)
,(@time_zone_id, -636426000, 3)
,(@time_zone_id, -622087200, 2)
,(@time_zone_id, -608947200, 3)
,(@time_zone_id, -591847200, 2)
,(@time_zone_id, -572486400, 3)
,(@time_zone_id, -558576000, 2)
,(@time_zone_id, -542851200, 3)
,(@time_zone_id, -527731200, 2)
,(@time_zone_id, -514425600, 3)
,(@time_zone_id, -490845600, 2)
,(@time_zone_id, -482986800, 3)
,(@time_zone_id, -459475200, 2)
,(@time_zone_id, -451537200, 3)
,(@time_zone_id, -428551200, 2)
,(@time_zone_id, -418262400, 3)
,(@time_zone_id, -400032000, 2)
,(@time_zone_id, -387428400, 3)
,(@time_zone_id, 142380003, 2)
,(@time_zone_id, 150843603, 3)
,(@time_zone_id, 167176804, 2)
,(@time_zone_id, 178664404, 3)
,(@time_zone_id, 334015209, 2)
,(@time_zone_id, 337644009, 3)
,(@time_zone_id, 452556012, 2)
,(@time_zone_id, 462232812, 3)
,(@time_zone_id, 482277612, 2)
,(@time_zone_id, 495579613, 3)
,(@time_zone_id, 516751213, 2)
,(@time_zone_id, 526424413, 3)
,(@time_zone_id, 545436013, 2)
,(@time_zone_id, 558478813, 3)
,(@time_zone_id, 576626414, 2)
,(@time_zone_id, 589323614, 3)
,(@time_zone_id, 609890414, 2)
,(@time_zone_id, 620773214, 3)
,(@time_zone_id, 638316015, 2)
,(@time_zone_id, 651618015, 3)
,(@time_zone_id, 669765616, 2)
,(@time_zone_id, 683672416, 3)
,(@time_zone_id, 701820016, 2)
,(@time_zone_id, 715726817, 3)
,(@time_zone_id, 733701617, 2)
,(@time_zone_id, 747176418, 3)
,(@time_zone_id, 765151218, 2)
,(@time_zone_id, 778021219, 3)
,(@time_zone_id, 796600819, 2)
,(@time_zone_id, 810075619, 3)
,(@time_zone_id, 826840820, 2)
,(@time_zone_id, 842821220, 3)
,(@time_zone_id, 858895220, 2)
,(@time_zone_id, 874184421, 3)
,(@time_zone_id, 890344821, 2)
,(@time_zone_id, 905029221, 3)
,(@time_zone_id, 923011222, 2)
,(@time_zone_id, 936313222, 3)
,(@time_zone_id, 955670422, 2)
,(@time_zone_id, 970783222, 3)
,(@time_zone_id, 986770822, 2)
,(@time_zone_id, 1001282422, 3)
,(@time_zone_id, 1017356422, 2)
,(@time_zone_id, 1033941622, 3)
,(@time_zone_id, 1048806022, 2)
,(@time_zone_id, 1065132022, 3)
,(@time_zone_id, 1081292422, 2)
,(@time_zone_id, 1095804022, 3)
,(@time_zone_id, 1112313622, 2)
,(@time_zone_id, 1128812422, 3)
,(@time_zone_id, 1143763223, 2)
,(@time_zone_id, 1159657223, 3)
,(@time_zone_id, 1175212823, 2)
,(@time_zone_id, 1189897223, 3)
,(@time_zone_id, 1206662423, 2)
,(@time_zone_id, 1223161223, 3)
,(@time_zone_id, 1238112024, 2)
,(@time_zone_id, 1254006024, 3)
,(@time_zone_id, 1269561624, 2)
,(@time_zone_id, 1284246024, 3)
,(@time_zone_id, 1301616024, 2)
,(@time_zone_id, 1317510024, 3)
,(@time_zone_id, 1333065624, 2)
,(@time_zone_id, 1348354825, 3)
,(@time_zone_id, 1364515225, 2)
,(@time_zone_id, 1382828425, 3)
,(@time_zone_id, 1395964825, 2)
,(@time_zone_id, 1414278025, 3)
,(@time_zone_id, 1427414425, 2)
,(@time_zone_id, 1445727626, 3)
,(@time_zone_id, 1458864026, 2)
,(@time_zone_id, 1477782026, 3)
,(@time_zone_id, 1490313627, 2)
,(@time_zone_id, 1509231627, 3)
,(@time_zone_id, 1521763227, 2)
,(@time_zone_id, 1540681227, 3)
,(@time_zone_id, 1553817627, 2)
,(@time_zone_id, 1572130827, 3)
,(@time_zone_id, 1585267227, 2)
,(@time_zone_id, 1603580427, 3)
,(@time_zone_id, 1616716827, 2)
,(@time_zone_id, 1635634827, 3)
,(@time_zone_id, 1648166427, 2)
,(@time_zone_id, 1667084427, 3)
,(@time_zone_id, 1679616027, 2)
,(@time_zone_id, 1698534027, 3)
,(@time_zone_id, 1711670427, 2)
,(@time_zone_id, 1729983627, 3)
,(@time_zone_id, 1743120027, 2)
,(@time_zone_id, 1761433227, 3)
,(@time_zone_id, 1774569627, 2)
,(@time_zone_id, 1792882827, 3)
,(@time_zone_id, 1806019227, 2)
,(@time_zone_id, 1824937227, 3)
,(@time_zone_id, 1837468827, 2)
,(@time_zone_id, 1856386827, 3)
,(@time_zone_id, 1868918427, 2)
,(@time_zone_id, 1887836427, 3)
,(@time_zone_id, 1900972827, 2)
,(@time_zone_id, 1919286027, 3)
,(@time_zone_id, 1932422427, 2)
,(@time_zone_id, 1950735627, 3)
,(@time_zone_id, 1963872027, 2)
,(@time_zone_id, 1982790027, 3)
,(@time_zone_id, 1995321627, 2)
,(@time_zone_id, 2014239627, 3)
,(@time_zone_id, 2026771227, 2)
,(@time_zone_id, 2045689227, 3)
,(@time_zone_id, 2058220827, 2)
,(@time_zone_id, 2077138827, 3)
,(@time_zone_id, 2090275227, 2)
,(@time_zone_id, 2108588427, 3)
,(@time_zone_id, 2121724827, 2)
,(@time_zone_id, 2140038027, 3);
mysqld, Version: 5.7.30-log (MySQL Community Server (GPL)). started with:
Tcp port: 0  Unix socket: /var/run/mysqld/mysqld.sock
Time                 Id Command    Argument
mysqld, Version: 5.7.30-log (MySQL Community Server (GPL)). started with:
Tcp port: 0  Unix socket: /var/run/mysqld/mysqld.sock
Time                 Id Command    Argument
mysqld, Version: 5.7.30-log (MySQL Community Server (GPL)). started with:
Tcp port: 0  Unix socket: /var/run/mysqld/mysqld.sock
Time                 Id Command    Argument
mysqld, Version: 5.7.30-log (MySQL Community Server (GPL)). started with:
Tcp port: 0  Unix socket: /var/run/mysqld/mysqld.sock
Time                 Id Command    Argument
mysqld, Version: 5.7.30-log (MySQL Community Server (GPL)). started with:
Tcp port: 0  Unix socket: /var/run/mysqld/mysqld.sock
Time                 Id Command    Argument
